{"C:\\dev006-BurgerQueen\\DEV006-burger-queen-api-client\\BurguerQueen\\src\\functions\\request.js": {"path":"C:\\dev006-BurgerQueen\\DEV006-burger-queen-api-client\\BurguerQueen\\src\\functions\\request.js","statementMap":{"0":{"start":{"line":4,"column":22},"end":{"line":7,"column":5}},"1":{"start":{"line":8,"column":4},"end":{"line":28,"column":7}},"2":{"start":{"line":9,"column":23},"end":{"line":13,"column":10}},"3":{"start":{"line":14,"column":8},"end":{"line":14,"column":52}},"4":{"start":{"line":15,"column":8},"end":{"line":17,"column":9}},"5":{"start":{"line":16,"column":12},"end":{"line":16,"column":33}},"6":{"start":{"line":19,"column":8},"end":{"line":25,"column":9}},"7":{"start":{"line":21,"column":25},"end":{"line":21,"column":46}},"8":{"start":{"line":22,"column":10},"end":{"line":24,"column":11}},"9":{"start":{"line":23,"column":12},"end":{"line":23,"column":49}},"10":{"start":{"line":27,"column":8},"end":{"line":27,"column":69}},"11":{"start":{"line":33,"column":20},"end":{"line":33,"column":49}},"12":{"start":{"line":34,"column":6},"end":{"line":53,"column":4}},"13":{"start":{"line":35,"column":19},"end":{"line":41,"column":6}},"14":{"start":{"line":43,"column":4},"end":{"line":45,"column":5}},"15":{"start":{"line":44,"column":6},"end":{"line":44,"column":27}},"16":{"start":{"line":47,"column":4},"end":{"line":52,"column":5}},"17":{"start":{"line":48,"column":21},"end":{"line":48,"column":42}},"18":{"start":{"line":49,"column":6},"end":{"line":51,"column":7}},"19":{"start":{"line":50,"column":8},"end":{"line":50,"column":45}},"20":{"start":{"line":58,"column":22},"end":{"line":62,"column":7}},"21":{"start":{"line":63,"column":6},"end":{"line":82,"column":7}},"22":{"start":{"line":64,"column":25},"end":{"line":69,"column":10}},"23":{"start":{"line":70,"column":8},"end":{"line":72,"column":9}},"24":{"start":{"line":71,"column":10},"end":{"line":71,"column":31}},"25":{"start":{"line":73,"column":8},"end":{"line":73,"column":63}},"26":{"start":{"line":75,"column":8},"end":{"line":80,"column":9}},"27":{"start":{"line":76,"column":25},"end":{"line":76,"column":46}},"28":{"start":{"line":77,"column":10},"end":{"line":79,"column":11}},"29":{"start":{"line":78,"column":12},"end":{"line":78,"column":49}},"30":{"start":{"line":81,"column":8},"end":{"line":81,"column":76}}},"fnMap":{"0":{"name":"requestGet","decl":{"start":{"line":3,"column":15},"end":{"line":3,"column":25}},"loc":{"start":{"line":3,"column":40},"end":{"line":29,"column":5}},"line":3},"1":{"name":"requestProduct","decl":{"start":{"line":32,"column":19},"end":{"line":32,"column":33}},"loc":{"start":{"line":32,"column":35},"end":{"line":54,"column":5}},"line":32},"2":{"name":"requestPostOrder","decl":{"start":{"line":56,"column":19},"end":{"line":56,"column":35}},"loc":{"start":{"line":56,"column":83},"end":{"line":83,"column":5}},"line":56}},"branchMap":{"0":{"loc":{"start":{"line":15,"column":8},"end":{"line":17,"column":9}},"type":"if","locations":[{"start":{"line":15,"column":8},"end":{"line":17,"column":9}},{"start":{},"end":{}}],"line":15},"1":{"loc":{"start":{"line":19,"column":8},"end":{"line":25,"column":9}},"type":"if","locations":[{"start":{"line":19,"column":8},"end":{"line":25,"column":9}},{"start":{},"end":{}}],"line":19},"2":{"loc":{"start":{"line":22,"column":10},"end":{"line":24,"column":11}},"type":"if","locations":[{"start":{"line":22,"column":10},"end":{"line":24,"column":11}},{"start":{},"end":{}}],"line":22},"3":{"loc":{"start":{"line":43,"column":4},"end":{"line":45,"column":5}},"type":"if","locations":[{"start":{"line":43,"column":4},"end":{"line":45,"column":5}},{"start":{},"end":{}}],"line":43},"4":{"loc":{"start":{"line":47,"column":4},"end":{"line":52,"column":5}},"type":"if","locations":[{"start":{"line":47,"column":4},"end":{"line":52,"column":5}},{"start":{},"end":{}}],"line":47},"5":{"loc":{"start":{"line":49,"column":6},"end":{"line":51,"column":7}},"type":"if","locations":[{"start":{"line":49,"column":6},"end":{"line":51,"column":7}},{"start":{},"end":{}}],"line":49},"6":{"loc":{"start":{"line":70,"column":8},"end":{"line":72,"column":9}},"type":"if","locations":[{"start":{"line":70,"column":8},"end":{"line":72,"column":9}},{"start":{},"end":{}}],"line":70},"7":{"loc":{"start":{"line":75,"column":8},"end":{"line":80,"column":9}},"type":"if","locations":[{"start":{"line":75,"column":8},"end":{"line":80,"column":9}},{"start":{},"end":{}}],"line":75},"8":{"loc":{"start":{"line":77,"column":10},"end":{"line":79,"column":11}},"type":"if","locations":[{"start":{"line":77,"column":10},"end":{"line":79,"column":11}},{"start":{},"end":{}}],"line":77}},"s":{"0":6,"1":6,"2":6,"3":1,"4":1,"5":1,"6":5,"7":4,"8":4,"9":4,"10":1,"11":1,"12":1,"13":1,"14":1,"15":1,"16":0,"17":0,"18":0,"19":0,"20":0,"21":0,"22":0,"23":0,"24":0,"25":0,"26":0,"27":0,"28":0,"29":0,"30":0},"f":{"0":6,"1":1,"2":0},"b":{"0":[1,0],"1":[4,1],"2":[4,0],"3":[1,0],"4":[0,0],"5":[0,0],"6":[0,0],"7":[0,0],"8":[0,0]},"_coverageSchema":"1a1c01bbd47fc00a2c39e90264f33305004495a9","hash":"478c20941361c8bc9caabfc67f66b5eaf538cc75"}
}
