TN:
SF:src\functions\request.js
FN:3,requestGet
FN:32,requestProduct
FN:56,requestPostOrder
FNF:3
FNH:2
FNDA:6,requestGet
FNDA:1,requestProduct
FNDA:0,requestPostOrder
DA:4,6
DA:8,6
DA:9,6
DA:14,1
DA:15,1
DA:16,1
DA:19,5
DA:21,4
DA:22,4
DA:23,4
DA:27,1
DA:33,1
DA:34,1
DA:35,1
DA:43,1
DA:44,1
DA:47,0
DA:48,0
DA:49,0
DA:50,0
DA:58,0
DA:63,0
DA:64,0
DA:70,0
DA:71,0
DA:73,0
DA:75,0
DA:76,0
DA:77,0
DA:78,0
DA:81,0
LF:31
LH:16
BRDA:15,0,0,1
BRDA:15,0,1,0
BRDA:19,1,0,4
BRDA:19,1,1,1
BRDA:22,2,0,4
BRDA:22,2,1,0
BRDA:43,3,0,1
BRDA:43,3,1,0
BRDA:47,4,0,0
BRDA:47,4,1,0
BRDA:49,5,0,0
BRDA:49,5,1,0
BRDA:70,6,0,0
BRDA:70,6,1,0
BRDA:75,7,0,0
BRDA:75,7,1,0
BRDA:77,8,0,0
BRDA:77,8,1,0
BRF:18
BRH:5
end_of_record
